# JRE version: OpenJDK Runtime Environment Temurin-21.0.10+7 (21.0.10+7) (build 21.0.10+7-LTS)
# Java VM: OpenJDK 64-Bit Server VM Temurin-21.0.10+7 (21.0.10+7-LTS, mixed mode, sharing, tiered, compressed oops, compressed class ptrs, parallel gc, windows-amd64)
GC Precious Log:
 CardTable entry size: 512
 CPUs: 8 total, 8 available
 Memory: 16071M
 Large Page Support: Disabled
 NUMA Support: Disabled
 Compressed Oops: Enabled (32-bit)
 Alignments: Space 512K, Generation 512K, Heap 2M
 Heap Min Capacity: 100M
 Heap Initial Capacity: 100M
 Heap Max Capacity: 2G
 Pre-touch: Disabled
 Parallel Workers: 8
Heap:
 PSYoungGen      total 12288K, used 5264K [0x00000000d5580000, 0x00000000d6300000, 0x0000000100000000)
  eden space 11264K, 41% used [0x00000000d5580000,0x00000000d5a0c118,0x00000000d6080000)
  from space 1024K, 59% used [0x00000000d6180000,0x00000000d6218000,0x00000000d6280000)
  to   space 512K, 0% used [0x00000000d6280000,0x00000000d6280000,0x00000000d6300000)
 ParOldGen       total 80896K, used 67662K [0x0000000080000000, 0x0000000084f00000, 0x00000000d5580000)
  object space 80896K, 83% used [0x0000000080000000,0x00000000842138f0,0x0000000084f00000)
 Metaspace       used 65871K, committed 67456K, reserved 1114112K
  class space    used 6977K, committed 7680K, reserved 1048576K
GC Heap History (20 events):
Event: 57.128 GC heap before
{Heap before GC invocations=89 (full 2):
 PSYoungGen      total 15872K, used 5507K [0x00000000d5580000, 0x00000000d6600000, 0x0000000100000000)
  eden space 14848K, 32% used [0x00000000d5580000,0x00000000d5a30e98,0x00000000d6400000)
  from space 1024K, 68% used [0x00000000d6500000,0x00000000d65b0000,0x00000000d6600000)
  to   space 1024K, 0% used [0x00000000d6400000,0x00000000d6400000,0x00000000d6500000)
 ParOldGen       total 80384K, used 80334K [0x0000000080000000, 0x0000000084e80000, 0x00000000d5580000)
  object space 80384K, 99% used [0x0000000080000000,0x0000000084e73ad8,0x0000000084e80000)
 Metaspace       used 58305K, committed 59776K, reserved 1114112K
  class space    used 6279K, committed 6912K, reserved 1048576K
}
Event: 57.130 GC heap after
{Heap after GC invocations=89 (full 2):
 PSYoungGen      total 15872K, used 480K [0x00000000d5580000, 0x00000000d6600000, 0x0000000100000000)
  eden space 14848K, 0% used [0x00000000d5580000,0x00000000d5580000,0x00000000d6400000)
  from space 1024K, 46% used [0x00000000d6400000,0x00000000d6478010,0x00000000d6500000)
  to   space 1024K, 0% used [0x00000000d6500000,0x00000000d6500000,0x00000000d6600000)
 ParOldGen       total 80896K, used 80718K [0x0000000080000000, 0x0000000084f00000, 0x00000000d5580000)
  object space 80896K, 99% used [0x0000000080000000,0x0000000084ed3ad8,0x0000000084f00000)
 Metaspace       used 58305K, committed 59776K, reserved 1114112K
  class space    used 6279K, committed 6912K, reserved 1048576K
}
Event: 57.130 GC heap before
{Heap before GC invocations=90 (full 3):
 PSYoungGen      total 15872K, used 480K [0x00000000d5580000, 0x00000000d6600000, 0x0000000100000000)
  eden space 14848K, 0% used [0x00000000d5580000,0x00000000d5580000,0x00000000d6400000)
  from space 1024K, 46% used [0x00000000d6400000,0x00000000d6478010,0x00000000d6500000)
  to   space 1024K, 0% used [0x00000000d6500000,0x00000000d6500000,0x00000000d6600000)
 ParOldGen       total 80896K, used 80718K [0x0000000080000000, 0x0000000084f00000, 0x00000000d5580000)
  object space 80896K, 99% used [0x0000000080000000,0x0000000084ed3ad8,0x0000000084f00000)
 Metaspace       used 58305K, committed 59776K, reserved 1114112K
  class space    used 6279K, committed 6912K, reserved 1048576K
}
Event: 57.317 GC heap after
{Heap after GC invocations=90 (full 3):
 PSYoungGen      total 15872K, used 0K [0x00000000d5580000, 0x00000000d6600000, 0x0000000100000000)
  eden space 14848K, 0% used [0x00000000d5580000,0x00000000d5580000,0x00000000d6400000)
  from space 1024K, 0% used [0x00000000d6400000,0x00000000d6400000,0x00000000d6500000)
  to   space 1024K, 0% used [0x00000000d6500000,0x00000000d6500000,0x00000000d6600000)
 ParOldGen       total 80896K, used 62281K [0x0000000080000000, 0x0000000084f00000, 0x00000000d5580000)
  object space 80896K, 76% used [0x0000000080000000,0x0000000083cd2798,0x0000000084f00000)
 Metaspace       used 58303K, committed 59776K, reserved 1114112K
  class space    used 6278K, committed 6912K, reserved 1048576K
}
Event: 57.722 GC heap before
{Heap before GC invocations=91 (full 3):
 PSYoungGen      total 15872K, used 14848K [0x00000000d5580000, 0x00000000d6600000, 0x0000000100000000)
  eden space 14848K, 100% used [0x00000000d5580000,0x00000000d6400000,0x00000000d6400000)
  from space 1024K, 0% used [0x00000000d6400000,0x00000000d6400000,0x00000000d6500000)
  to   space 1024K, 0% used [0x00000000d6500000,0x00000000d6500000,0x00000000d6600000)
 ParOldGen       total 80896K, used 62281K [0x0000000080000000, 0x0000000084f00000, 0x00000000d5580000)
  object space 80896K, 76% used [0x0000000080000000,0x0000000083cd2798,0x0000000084f00000)
 Metaspace       used 59766K, committed 61312K, reserved 1114112K
  class space    used 6476K, committed 7104K, reserved 1048576K
}
Event: 57.725 GC heap after
{Heap after GC invocations=91 (full 3):
 PSYoungGen      total 15360K, used 1014K [0x00000000d5580000, 0x00000000d6700000, 0x0000000100000000)
  eden space 14336K, 0% used [0x00000000d5580000,0x00000000d5580000,0x00000000d6380000)
  from space 1024K, 99% used [0x00000000d6500000,0x00000000d65fd910,0x00000000d6600000)
  to   space 1536K, 0% used [0x00000000d6380000,0x00000000d6380000,0x00000000d6500000)
 ParOldGen       total 80896K, used 62445K [0x0000000080000000, 0x0000000084f00000, 0x00000000d5580000)
  object space 80896K, 77% used [0x0000000080000000,0x0000000083cfb518,0x0000000084f00000)
 Metaspace       used 59766K, committed 61312K, reserved 1114112K
  class space    used 6476K, committed 7104K, reserved 1048576K
}
Event: 95.978 GC heap before
{Heap before GC invocations=92 (full 3):
 PSYoungGen      total 15360K, used 15350K [0x00000000d5580000, 0x00000000d6700000, 0x0000000100000000)
  eden space 14336K, 100% used [0x00000000d5580000,0x00000000d6380000,0x00000000d6380000)
  from space 1024K, 99% used [0x00000000d6500000,0x00000000d65fd910,0x00000000d6600000)
  to   space 1536K, 0% used [0x00000000d6380000,0x00000000d6380000,0x00000000d6500000)
 ParOldGen       total 80896K, used 62445K [0x0000000080000000, 0x0000000084f00000, 0x00000000d5580000)
  object space 80896K, 77% used [0x0000000080000000,0x0000000083cfb518,0x0000000084f00000)
 Metaspace       used 61413K, committed 62976K, reserved 1114112K
  class space    used 6626K, committed 7296K, reserved 1048576K
}
Event: 95.982 GC heap after
{Heap after GC invocations=92 (full 3):
 PSYoungGen      total 15360K, used 640K [0x00000000d5580000, 0x00000000d6580000, 0x0000000100000000)
  eden space 14336K, 0% used [0x00000000d5580000,0x00000000d5580000,0x00000000d6380000)
  from space 1024K, 62% used [0x00000000d6380000,0x00000000d6420020,0x00000000d6480000)
  to   space 1024K, 0% used [0x00000000d6480000,0x00000000d6480000,0x00000000d6580000)
 ParOldGen       total 80896K, used 63339K [0x0000000080000000, 0x0000000084f00000, 0x00000000d5580000)
  object space 80896K, 78% used [0x0000000080000000,0x0000000083ddae28,0x0000000084f00000)
 Metaspace       used 61413K, committed 62976K, reserved 1114112K
  class space    used 6626K, committed 7296K, reserved 1048576K
}
Event: 96.791 GC heap before
{Heap before GC invocations=93 (full 3):
 PSYoungGen      total 15360K, used 14928K [0x00000000d5580000, 0x00000000d6580000, 0x0000000100000000)
  eden space 14336K, 99% used [0x00000000d5580000,0x00000000d6374358,0x00000000d6380000)
  from space 1024K, 62% used [0x00000000d6380000,0x00000000d6420020,0x00000000d6480000)
  to   space 1024K, 0% used [0x00000000d6480000,0x00000000d6480000,0x00000000d6580000)
 ParOldGen       total 80896K, used 63339K [0x0000000080000000, 0x0000000084f00000, 0x00000000d5580000)
  object space 80896K, 78% used [0x0000000080000000,0x0000000083ddae28,0x0000000084f00000)
 Metaspace       used 62649K, committed 64192K, reserved 1114112K
  class space    used 6721K, committed 7360K, reserved 1048576K
}
Event: 96.798 GC heap after
{Heap after GC invocations=93 (full 3):
 PSYoungGen      total 12288K, used 1010K [0x00000000d5580000, 0x00000000d6b80000, 0x0000000100000000)
  eden space 11264K, 0% used [0x00000000d5580000,0x00000000d5580000,0x00000000d6080000)
  from space 1024K, 98% used [0x00000000d6480000,0x00000000d657c870,0x00000000d6580000)
  to   space 4096K, 0% used [0x00000000d6080000,0x00000000d6080000,0x00000000d6480000)
 ParOldGen       total 80896K, used 65865K [0x0000000080000000, 0x0000000084f00000, 0x00000000d5580000)
  object space 80896K, 81% used [0x0000000080000000,0x00000000840526b8,0x0000000084f00000)
 Metaspace       used 62649K, committed 64192K, reserved 1114112K
  class space    used 6721K, committed 7360K, reserved 1048576K
}
Event: 96.884 GC heap before
{Heap before GC invocations=94 (full 3):
 PSYoungGen      total 12288K, used 12274K [0x00000000d5580000, 0x00000000d6b80000, 0x0000000100000000)
  eden space 11264K, 100% used [0x00000000d5580000,0x00000000d6080000,0x00000000d6080000)
  from space 1024K, 98% used [0x00000000d6480000,0x00000000d657c870,0x00000000d6580000)
  to   space 4096K, 0% used [0x00000000d6080000,0x00000000d6080000,0x00000000d6480000)
 ParOldGen       total 80896K, used 65865K [0x0000000080000000, 0x0000000084f00000, 0x00000000d5580000)
  object space 80896K, 81% used [0x0000000080000000,0x00000000840526b8,0x0000000084f00000)
 Metaspace       used 62673K, committed 64192K, reserved 1114112K
  class space    used 6722K, committed 7360K, reserved 1048576K
}
Event: 96.889 GC heap after
{Heap after GC invocations=94 (full 3):
 PSYoungGen      total 13312K, used 1592K [0x00000000d5580000, 0x00000000d6580000, 0x0000000100000000)
  eden space 11264K, 0% used [0x00000000d5580000,0x00000000d5580000,0x00000000d6080000)
  from space 2048K, 77% used [0x00000000d6080000,0x00000000d620e030,0x00000000d6280000)
  to   space 2560K, 0% used [0x00000000d6300000,0x00000000d6300000,0x00000000d6580000)
 ParOldGen       total 80896K, used 66872K [0x0000000080000000, 0x0000000084f00000, 0x00000000d5580000)
  object space 80896K, 82% used [0x0000000080000000,0x000000008414e270,0x0000000084f00000)
 Metaspace       used 62673K, committed 64192K, reserved 1114112K
  class space    used 6722K, committed 7360K, reserved 1048576K
}
Event: 97.007 GC heap before
{Heap before GC invocations=95 (full 3):
 PSYoungGen      total 13312K, used 12856K [0x00000000d5580000, 0x00000000d6580000, 0x0000000100000000)
  eden space 11264K, 100% used [0x00000000d5580000,0x00000000d6080000,0x00000000d6080000)
  from space 2048K, 77% used [0x00000000d6080000,0x00000000d620e030,0x00000000d6280000)
  to   space 2560K, 0% used [0x00000000d6300000,0x00000000d6300000,0x00000000d6580000)
 ParOldGen       total 80896K, used 66872K [0x0000000080000000, 0x0000000084f00000, 0x00000000d5580000)
  object space 80896K, 82% used [0x0000000080000000,0x000000008414e270,0x0000000084f00000)
 Metaspace       used 62694K, committed 64192K, reserved 1114112K
  class space    used 6722K, committed 7360K, reserved 1048576K
}
Event: 97.009 GC heap after
{Heap after GC invocations=95 (full 3):
 PSYoungGen      total 12288K, used 905K [0x00000000d5580000, 0x00000000d6400000, 0x0000000100000000)
  eden space 11264K, 0% used [0x00000000d5580000,0x00000000d5580000,0x00000000d6080000)
  from space 1024K, 88% used [0x00000000d6300000,0x00000000d63e26d8,0x00000000d6400000)
  to   space 1536K, 0% used [0x00000000d6100000,0x00000000d6100000,0x00000000d6280000)
 ParOldGen       total 80896K, used 67401K [0x0000000080000000, 0x0000000084f00000, 0x00000000d5580000)
  object space 80896K, 83% used [0x0000000080000000,0x00000000841d2650,0x0000000084f00000)
 Metaspace       used 62694K, committed 64192K, reserved 1114112K
  class space    used 6722K, committed 7360K, reserved 1048576K
}
Event: 97.074 GC heap before
{Heap before GC invocations=96 (full 3):
 PSYoungGen      total 12288K, used 12169K [0x00000000d5580000, 0x00000000d6400000, 0x0000000100000000)
  eden space 11264K, 100% used [0x00000000d5580000,0x00000000d6080000,0x00000000d6080000)
  from space 1024K, 88% used [0x00000000d6300000,0x00000000d63e26d8,0x00000000d6400000)
  to   space 1536K, 0% used [0x00000000d6100000,0x00000000d6100000,0x00000000d6280000)
 ParOldGen       total 80896K, used 67401K [0x0000000080000000, 0x0000000084f00000, 0x00000000d5580000)
  object space 80896K, 83% used [0x0000000080000000,0x00000000841d2650,0x0000000084f00000)
 Metaspace       used 62698K, committed 64192K, reserved 1114112K
  class space    used 6722K, committed 7360K, reserved 1048576K
}
Event: 97.076 GC heap after
{Heap after GC invocations=96 (full 3):
 PSYoungGen      total 12800K, used 938K [0x00000000d5580000, 0x00000000d6380000, 0x0000000100000000)
  eden space 11264K, 0% used [0x00000000d5580000,0x00000000d5580000,0x00000000d6080000)
  from space 1536K, 61% used [0x00000000d6100000,0x00000000d61ea998,0x00000000d6280000)
  to   space 1024K, 0% used [0x00000000d6280000,0x00000000d6280000,0x00000000d6380000)
 ParOldGen       total 80896K, used 67505K [0x0000000080000000, 0x0000000084f00000, 0x00000000d5580000)
  object space 80896K, 83% used [0x0000000080000000,0x00000000841ec650,0x0000000084f00000)
 Metaspace       used 62698K, committed 64192K, reserved 1114112K
  class space    used 6722K, committed 7360K, reserved 1048576K
}
Event: 97.383 GC heap before
{Heap before GC invocations=97 (full 3):
 PSYoungGen      total 12800K, used 12202K [0x00000000d5580000, 0x00000000d6380000, 0x0000000100000000)
  eden space 11264K, 100% used [0x00000000d5580000,0x00000000d6080000,0x00000000d6080000)
  from space 1536K, 61% used [0x00000000d6100000,0x00000000d61ea998,0x00000000d6280000)
  to   space 1024K, 0% used [0x00000000d6280000,0x00000000d6280000,0x00000000d6380000)
 ParOldGen       total 80896K, used 67505K [0x0000000080000000, 0x0000000084f00000, 0x00000000d5580000)
  object space 80896K, 83% used [0x0000000080000000,0x00000000841ec650,0x0000000084f00000)
 Metaspace       used 64247K, committed 65728K, reserved 1114112K
  class space    used 6851K, committed 7488K, reserved 1048576K
}
Event: 97.386 GC heap after
{Heap after GC invocations=97 (full 3):
 PSYoungGen      total 12288K, used 812K [0x00000000d5580000, 0x00000000d6380000, 0x0000000100000000)
  eden space 11264K, 0% used [0x00000000d5580000,0x00000000d5580000,0x00000000d6080000)
  from space 1024K, 79% used [0x00000000d6280000,0x00000000d634b190,0x00000000d6380000)
  to   space 1024K, 0% used [0x00000000d6180000,0x00000000d6180000,0x00000000d6280000)
 ParOldGen       total 80896K, used 67513K [0x0000000080000000, 0x0000000084f00000, 0x00000000d5580000)
  object space 80896K, 83% used [0x0000000080000000,0x00000000841ee650,0x0000000084f00000)
 Metaspace       used 64247K, committed 65728K, reserved 1114112K
  class space    used 6851K, committed 7488K, reserved 1048576K
}
Event: 1075.867 GC heap before
{Heap before GC invocations=98 (full 3):
 PSYoungGen      total 12288K, used 12076K [0x00000000d5580000, 0x00000000d6380000, 0x0000000100000000)
  eden space 11264K, 100% used [0x00000000d5580000,0x00000000d6080000,0x00000000d6080000)
  from space 1024K, 79% used [0x00000000d6280000,0x00000000d634b190,0x00000000d6380000)
  to   space 1024K, 0% used [0x00000000d6180000,0x00000000d6180000,0x00000000d6280000)
 ParOldGen       total 80896K, used 67513K [0x0000000080000000, 0x0000000084f00000, 0x00000000d5580000)
  object space 80896K, 83% used [0x0000000080000000,0x00000000841ee650,0x0000000084f00000)
 Metaspace       used 65513K, committed 67008K, reserved 1114112K
  class space    used 6957K, committed 7616K, reserved 1048576K
}
Event: 1075.870 GC heap after
{Heap after GC invocations=98 (full 3):
 PSYoungGen      total 12288K, used 608K [0x00000000d5580000, 0x00000000d6300000, 0x0000000100000000)
  eden space 11264K, 0% used [0x00000000d5580000,0x00000000d5580000,0x00000000d6080000)
  from space 1024K, 59% used [0x00000000d6180000,0x00000000d6218000,0x00000000d6280000)
  to   space 512K, 0% used [0x00000000d6280000,0x00000000d6280000,0x00000000d6300000)
 ParOldGen       total 80896K, used 67662K [0x0000000080000000, 0x0000000084f00000, 0x00000000d5580000)
  object space 80896K, 83% used [0x0000000080000000,0x00000000842138f0,0x0000000084f00000)
 Metaspace       used 65513K, committed 67008K, reserved 1114112K
  class space    used 6957K, committed 7616K, reserved 1048576K
}

